[    0.000000] Linux version 4.15.0-143-generic (buildd@lcy01-amd64-001) (gcc version 7.5.0 (Ubuntu 7.5.0-3ubuntu1~18.04)) #147-Ubuntu SMP Wed Apr 14 16:10:11 UTC 2021 (Ubuntu 4.15.0-143.147-generic 4.15.18)
[    0.000000] Command line: BOOT_IMAGE=/boot/vmlinuz-4.15.0-143-generic root=LABEL=cloudimg-rootfs ro console=tty1 console=ttyS0
[    0.000000] KERNEL supported cpus:
[    0.000000]   Intel GenuineIntel
[    0.000000]   AMD AuthenticAMD
[    0.000000]   Centaur CentaurHauls
[    0.000000] x86/fpu: Supporting XSAVE feature 0x001: 'x87 floating point registers'
[    0.000000] x86/fpu: Supporting XSAVE feature 0x002: 'SSE registers'
[    0.000000] x86/fpu: Supporting XSAVE feature 0x004: 'AVX registers'
[    0.000000] x86/fpu: xstate_offset[2]:  576, xstate_sizes[2]:  256
[    0.000000] x86/fpu: Enabled xstate features 0x7, context size is 832 bytes, using 'standard' format.
[    0.000000] e820: BIOS-provided physical RAM map:
[    0.000000] BIOS-e820: [mem 0x0000000000000000-0x000000000009fbff] usable
[    0.000000] BIOS-e820: [mem 0x000000000009fc00-0x000000000009ffff] reserved
[    0.000000] BIOS-e820: [mem 0x00000000000f0000-0x00000000000fffff] reserved
[    0.000000] BIOS-e820: [mem 0x0000000000100000-0x000000003ffeffff] usable
[    0.000000] BIOS-e820: [mem 0x000000003fff0000-0x000000003fffffff] ACPI data
[    0.000000] BIOS-e820: [mem 0x00000000fec00000-0x00000000fec00fff] reserved
[    0.000000] BIOS-e820: [mem 0x00000000fee00000-0x00000000fee00fff] reserved
[    0.000000] BIOS-e820: [mem 0x00000000fffc0000-0x00000000ffffffff] reserved
[    0.000000] NX (Execute Disable) protection: active
[    0.000000] SMBIOS 2.5 present.
[    0.000000] DMI: innotek GmbH VirtualBox/VirtualBox, BIOS VirtualBox 12/01/2006
[    0.000000] Hypervisor detected: KVM
[    0.000000] e820: last_pfn = 0x3fff0 max_arch_pfn = 0x400000000
[    0.000000] MTRR: Disabled
[    0.000000] x86/PAT: MTRRs disabled, skipping PAT initialization too.
[    0.000000] CPU MTRRs all blank - virtualized system.
[    0.000000] x86/PAT: Configuration [0-7]: WB  WT  UC- UC  WB  WT  UC- UC  
[    0.000000] found SMP MP-table at [mem 0x0009fff0-0x0009ffff]
[    0.000000] Scanning 1 areas for low memory corruption
[    0.000000] RAMDISK: [mem 0x359d3000-0x36ce0fff]
[    0.000000] ACPI: Early table checksum verification disabled
[    0.000000] ACPI: RSDP 0x00000000000E0000 000024 (v02 VBOX  )
[    0.000000] ACPI: XSDT 0x000000003FFF0030 00003C (v01 VBOX   VBOXXSDT 00000001 ASL  00000061)
[    0.000000] ACPI: FACP 0x000000003FFF00F0 0000F4 (v04 VBOX   VBOXFACP 00000001 ASL  00000061)
[    0.000000] ACPI: DSDT 0x000000003FFF0470 002325 (v02 VBOX   VBOXBIOS 00000002 INTL 20100528)
[    0.000000] ACPI: FACS 0x000000003FFF0200 000040
[    0.000000] ACPI: FACS 0x000000003FFF0200 000040
[    0.000000] ACPI: APIC 0x000000003FFF0240 00005C (v02 VBOX   VBOXAPIC 00000001 ASL  00000061)
[    0.000000] ACPI: SSDT 0x000000003FFF02A0 0001CC (v01 VBOX   VBOXCPUT 00000002 INTL 20100528)
[    0.000000] No NUMA configuration found
[    0.000000] Faking a node at [mem 0x0000000000000000-0x000000003ffeffff]
[    0.000000] NODE_DATA(0) allocated [mem 0x3ffc5000-0x3ffeffff]
[    0.000000] kvm-clock: cpu 0, msr 0:3ff44001, primary cpu clock
[    0.000000] kvm-clock: Using msrs 4b564d01 and 4b564d00
[    0.000000] kvm-clock: using sched offset of 4141463015 cycles
[    0.000000] clocksource: kvm-clock: mask: 0xffffffffffffffff max_cycles: 0x1cd42e4dffb, max_idle_ns: 881590591483 ns
[    0.000000] Zone ranges:
[    0.000000]   DMA      [mem 0x0000000000001000-0x0000000000ffffff]
[    0.000000]   DMA32    [mem 0x0000000001000000-0x000000003ffeffff]
[    0.000000]   Normal   empty
[    0.000000]   Device   empty
[    0.000000] Movable zone start for each node
[    0.000000] Early memory node ranges
[    0.000000]   node   0: [mem 0x0000000000001000-0x000000000009efff]
[    0.000000]   node   0: [mem 0x0000000000100000-0x000000003ffeffff]
[    0.000000] Reserved but unavailable: 98 pages
[    0.000000] Initmem setup node 0 [mem 0x0000000000001000-0x000000003ffeffff]
[    0.000000] ACPI: PM-Timer IO Port: 0x4008
[    0.000000] IOAPIC[0]: apic_id 2, version 32, address 0xfec00000, GSI 0-23
[    0.000000] ACPI: INT_SRC_OVR (bus 0 bus_irq 0 global_irq 2 dfl dfl)
[    0.000000] ACPI: INT_SRC_OVR (bus 0 bus_irq 9 global_irq 9 low level)
[    0.000000] Using ACPI (MADT) for SMP configuration information
[    0.000000] smpboot: Allowing 2 CPUs, 0 hotplug CPUs
[    0.000000] PM: Registered nosave memory: [mem 0x00000000-0x00000fff]
[    0.000000] PM: Registered nosave memory: [mem 0x0009f000-0x0009ffff]
[    0.000000] PM: Registered nosave memory: [mem 0x000a0000-0x000effff]
[    0.000000] PM: Registered nosave memory: [mem 0x000f0000-0x000fffff]
[    0.000000] e820: [mem 0x40000000-0xfebfffff] available for PCI devices
[    0.000000] Booting paravirtualized kernel on KVM
[    0.000000] clocksource: refined-jiffies: mask: 0xffffffff max_cycles: 0xffffffff, max_idle_ns: 7645519600211568 ns
[    0.000000] random: get_random_bytes called from start_kernel+0x99/0x500 with crng_init=0
[    0.000000] setup_percpu: NR_CPUS:8192 nr_cpumask_bits:2 nr_cpu_ids:2 nr_node_ids:1
[    0.000000] percpu: Embedded 45 pages/cpu s147456 r8192 d28672 u1048576
[    0.000000] PV qspinlock hash table entries: 256 (order: 0, 4096 bytes)
[    0.000000] Built 1 zonelists, mobility grouping on.  Total pages: 257913
[    0.000000] Policy zone: DMA32
[    0.000000] Kernel command line: BOOT_IMAGE=/boot/vmlinuz-4.15.0-143-generic root=LABEL=cloudimg-rootfs ro console=tty1 console=ttyS0
[    0.000000] Memory: 982728K/1048120K available (12300K kernel code, 2483K rwdata, 4316K rodata, 2444K init, 2724K bss, 65392K reserved, 0K cma-reserved)
[    0.000000] SLUB: HWalign=64, Order=0-3, MinObjects=0, CPUs=2, Nodes=1
[    0.000000] ftrace: allocating 39437 entries in 155 pages
[    0.004000] Hierarchical RCU implementation.
[    0.004000] 	RCU restricting CPUs from NR_CPUS=8192 to nr_cpu_ids=2.
[    0.004000] 	Tasks RCU enabled.
[    0.004000] RCU: Adjusting geometry for rcu_fanout_leaf=16, nr_cpu_ids=2
[    0.004000] NR_IRQS: 524544, nr_irqs: 440, preallocated irqs: 16
[    0.004000] Console: colour VGA+ 80x25
[    0.004000] console [tty1] enabled
[    0.004000] console [ttyS0] enabled
[    0.004000] ACPI: Core revision 20170831
[    0.004000] ACPI: 2 ACPI AML tables successfully acquired and loaded
[    0.004000] APIC: Switch to symmetric I/O mode setup
[    0.004000] x2apic enabled
[    0.004000] Switched APIC routing to physical x2apic.
[    0.004000] ..TIMER: vector=0x30 apic1=0 pin1=2 apic2=-1 pin2=-1
[    0.004000] tsc: Detected 2592.002 MHz processor
[    0.004009] Calibrating delay loop (skipped) preset value.. 5184.00 BogoMIPS (lpj=10368008)
[    0.005164] pid_max: default: 32768 minimum: 301
[    0.005851] Security Framework initialized
[    0.006444] Yama: becoming mindful.
[    0.008022] AppArmor: AppArmor initialized
[    0.011313] Dentry cache hash table entries: 131072 (order: 8, 1048576 bytes)
[    0.012075] Inode-cache hash table entries: 65536 (order: 7, 524288 bytes)
[    0.013066] Mount-cache hash table entries: 2048 (order: 2, 16384 bytes)
[    0.014005] Mountpoint-cache hash table entries: 2048 (order: 2, 16384 bytes)
[    0.016119] Last level iTLB entries: 4KB 64, 2MB 8, 4MB 8
[    0.016876] Last level dTLB entries: 4KB 64, 2MB 0, 4MB 0, 1GB 4
[    0.017737] Spectre V1 : Mitigation: usercopy/swapgs barriers and __user pointer sanitization
[    0.019032] Spectre V2 : Mitigation: Full generic retpoline
[    0.019812] Spectre V2 : Spectre v2 / SpectreRSB mitigation: Filling RSB on context switch
[    0.020003] Speculative Store Bypass: Vulnerable
[    0.020665] SRBDS: Mitigation: TSX disabled
[    0.021421] Freeing SMP alternatives memory: 36K
[    0.132747] smpboot: CPU0: Intel(R) Core(TM) i3-10110U CPU @ 2.10GHz (family: 0x6, model: 0x8e, stepping: 0xc)
[    0.134623] Performance Events: unsupported p6 CPU model 142 no PMU driver, software events only.
[    0.136000] Hierarchical SRCU implementation.
[    0.136591] NMI watchdog: Perf event create on CPU 0 failed with -2
[    0.137517] NMI watchdog: Perf NMI watchdog permanently disabled
[    0.138389] smp: Bringing up secondary CPUs ...
[    0.139141] x86: Booting SMP configuration:
[    0.139746] .... node  #0, CPUs:      #1
[    0.004000] kvm-clock: cpu 1, msr 0:3ff44041, secondary cpu clock
[    0.143135] smp: Brought up 1 node, 2 CPUs
[    0.144011] smpboot: Max logical packages: 1
[    0.144944] smpboot: Total of 2 processors activated (10368.00 BogoMIPS)
[    0.147222] devtmpfs: initialized
[    0.147222] x86/mm: Memory block size: 128MB
[    0.148118] evm: security.selinux
[    0.148721] evm: security.SMACK64
[    0.149252] evm: security.SMACK64EXEC
[    0.149827] evm: security.SMACK64TRANSMUTE
[    0.150531] evm: security.SMACK64MMAP
[    0.151116] evm: security.apparmor
[    0.152003] evm: security.ima
[    0.152474] evm: security.capability
[    0.153053] clocksource: jiffies: mask: 0xffffffff max_cycles: 0xffffffff, max_idle_ns: 7645041785100000 ns
[    0.153364] futex hash table entries: 512 (order: 3, 32768 bytes)
[    0.156034] pinctrl core: initialized pinctrl subsystem
[    0.156933] RTC time: 10:05:11, date: 06/04/21
[    0.160181] NET: Registered protocol family 16
[    0.161357] audit: initializing netlink subsys (disabled)
[    0.162165] audit: type=2000 audit(1622801116.984:1): state=initialized audit_enabled=0 res=1
[    0.164017] cpuidle: using governor ladder
[    0.164620] cpuidle: using governor menu
[    0.165239] ACPI: bus type PCI registered
[    0.165832] acpiphp: ACPI Hot Plug PCI Controller Driver version: 0.5
[    0.166811] PCI: Using configuration type 1 for base access
[    0.168447] HugeTLB registered 2.00 MiB page size, pre-allocated 0 pages
[    0.168968] ACPI: Added _OSI(Module Device)
[    0.168968] ACPI: Added _OSI(Processor Device)
[    0.169351] ACPI: Added _OSI(3.0 _SCP Extensions)
[    0.170047] ACPI: Added _OSI(Processor Aggregator Device)
[    0.172005] ACPI: Added _OSI(Linux-Dell-Video)
[    0.172746] ACPI: Added _OSI(Linux-Lenovo-NV-HDMI-Audio)
[    0.173491] ACPI: Added _OSI(Linux-HPI-Hybrid-Graphics)
[    0.174498] ACPI: Executed 1 blocks of module-level executable AML code
[    0.178930] ACPI: Interpreter enabled
[    0.179522] ACPI: (supports S0 S5)
[    0.180000] ACPI: Using IOAPIC for interrupt routing
[    0.180203] PCI: Using host bridge windows from ACPI; if necessary, use "pci=nocrs" and report a bug
[    0.181633] ACPI: Enabled 2 GPEs in block 00 to 07
[    0.187919] ACPI: PCI Root Bridge [PCI0] (domain 0000 [bus 00-ff])
[    0.188006] acpi PNP0A03:00: _OSC: OS supports [ASPM ClockPM Segments MSI]
[    0.189343] acpi PNP0A03:00: _OSC: not requesting OS control; OS requires [ExtendedConfig ASPM ClockPM MSI]
[    0.190835] acpi PNP0A03:00: fail to add MMCONFIG information, can't access extended PCI configuration space under this bridge.
[    0.192483] PCI host bridge to bus 0000:00
[    0.193161] pci_bus 0000:00: root bus resource [io  0x0000-0x0cf7 window]
[    0.194307] pci_bus 0000:00: root bus resource [io  0x0d00-0xffff window]
[    0.196005] pci_bus 0000:00: root bus resource [mem 0x000a0000-0x000bffff window]
[    0.197221] pci_bus 0000:00: root bus resource [mem 0x40000000-0xfdffffff window]
[    0.198387] pci_bus 0000:00: root bus resource [bus 00-ff]
[    0.201402] pci 0000:00:01.1: legacy IDE quirk: reg 0x10: [io  0x01f0-0x01f7]
[    0.202402] pci 0000:00:01.1: legacy IDE quirk: reg 0x14: [io  0x03f6]
[    0.204004] pci 0000:00:01.1: legacy IDE quirk: reg 0x18: [io  0x0170-0x0177]
[    0.205025] pci 0000:00:01.1: legacy IDE quirk: reg 0x1c: [io  0x0376]
[    0.217943] pci 0000:00:07.0: quirk: [io  0x4000-0x403f] claimed by PIIX4 ACPI
[    0.220015] pci 0000:00:07.0: quirk: [io  0x4100-0x410f] claimed by PIIX4 SMB
[    0.225555] ACPI: PCI Interrupt Link [LNKA] (IRQs 5 9 10 *11)
[    0.226684] ACPI: PCI Interrupt Link [LNKB] (IRQs 5 9 *10 11)
[    0.227797] ACPI: PCI Interrupt Link [LNKC] (IRQs 5 *9 10 11)
[    0.228106] ACPI: PCI Interrupt Link [LNKD] (IRQs 5 9 10 *11)
[    0.229236] SCSI subsystem initialized
[    0.229833] pci 0000:00:02.0: vgaarb: setting as boot VGA device
[    0.229833] pci 0000:00:02.0: vgaarb: VGA device added: decodes=io+mem,owns=io+mem,locks=none
[    0.232015] pci 0000:00:02.0: vgaarb: bridge control possible
[    0.232844] vgaarb: loaded
[    0.233302] ACPI: bus type USB registered
[    0.233908] usbcore: registered new interface driver usbfs
[    0.234694] usbcore: registered new interface driver hub
[    0.236014] usbcore: registered new device driver usb
[    0.236783] EDAC MC: Ver: 3.0.0
[    0.236783] PCI: Using ACPI for IRQ routing
[    0.237351] NetLabel: Initializing
[    0.237889] NetLabel:  domain hash size = 128
[    0.240006] NetLabel:  protocols = UNLABELED CIPSOv4 CALIPSO
[    0.240843] NetLabel:  unlabeled traffic allowed by default
[    0.241648] clocksource: Switched to clocksource kvm-clock
[    0.256458] VFS: Disk quotas dquot_6.6.0
[    0.257107] VFS: Dquot-cache hash table entries: 512 (order 0, 4096 bytes)
[    0.258225] AppArmor: AppArmor Filesystem Enabled
[    0.259001] pnp: PnP ACPI init
[    0.260352] pnp: PnP ACPI: found 3 devices
[    0.269080] clocksource: acpi_pm: mask: 0xffffff max_cycles: 0xffffff, max_idle_ns: 2085701024 ns
[    0.270386] NET: Registered protocol family 2
[    0.271337] TCP established hash table entries: 8192 (order: 4, 65536 bytes)
[    0.272598] TCP bind hash table entries: 8192 (order: 5, 131072 bytes)
[    0.276334] TCP: Hash tables configured (established 8192 bind 8192)
[    0.277575] UDP hash table entries: 512 (order: 2, 16384 bytes)
[    0.278421] UDP-Lite hash table entries: 512 (order: 2, 16384 bytes)
[    0.279343] NET: Registered protocol family 1
[    0.279980] pci 0000:00:00.0: Limiting direct PCI/PCI transfers
[    0.280853] pci 0000:00:01.0: Activating ISA DMA hang workarounds
[    0.281753] pci 0000:00:02.0: Video device with shadowed ROM at [mem 0x000c0000-0x000dffff]
[    0.283000] Unpacking initramfs...
[    0.599484] Freeing initrd memory: 19512K
[    0.600021] clocksource: tsc: mask: 0xffffffffffffffff max_cycles: 0x255cb8d7d74, max_idle_ns: 440795265546 ns
[    0.602055] platform rtc_cmos: registered platform RTC device (no PNP device found)
[    0.603207] Scanning for low memory corruption every 60 seconds
[    0.604558] Initialise system trusted keyrings
[    0.605219] Key type blacklist registered
[    0.605849] workingset: timestamp_bits=36 max_order=18 bucket_order=0
[    0.607476] zbud: loaded
[    0.608456] squashfs: version 4.0 (2009/01/31) Phillip Lougher
[    0.609485] fuse init (API version 7.26)
[    0.611596] Key type asymmetric registered
[    0.612227] Asymmetric key parser 'x509' registered
[    0.612950] Block layer SCSI generic (bsg) driver version 0.4 loaded (major 246)
[    0.614091] io scheduler noop registered
[    0.614681] io scheduler deadline registered
[    0.615342] io scheduler cfq registered (default)
[    0.616346] ACPI: AC Adapter [AC] (on-line)
[    0.616997] input: Power Button as /devices/LNXSYSTM:00/LNXPWRBN:00/input/input0
[    0.618089] ACPI: Power Button [PWRF]
[    0.618690] input: Sleep Button as /devices/LNXSYSTM:00/LNXSLPBN:00/input/input1
[    0.619748] ACPI: Sleep Button [SLPF]
[    0.621195] ACPI: Battery Slot [BAT0] (battery present)
[    0.622141] Serial: 8250/16550 driver, 32 ports, IRQ sharing enabled
[    0.644013] 00:02: ttyS0 at I/O 0x3f8 (irq = 4, base_baud = 115200) is a 16550A
[    0.647242] Linux agpgart interface v0.103
[    0.649034] loop: module loaded
[    0.649977] scsi host0: ata_piix
[    0.650672] scsi host1: ata_piix
[    0.651227] ata1: PATA max UDMA/33 cmd 0x1f0 ctl 0x3f6 bmdma 0xd000 irq 14
[    0.652217] ata2: PATA max UDMA/33 cmd 0x170 ctl 0x376 bmdma 0xd008 irq 15
[    0.653625] libphy: Fixed MDIO Bus: probed
[    0.654237] tun: Universal TUN/TAP device driver, 1.6
[    0.655034] PPP generic driver version 2.4.2
[    0.655714] ehci_hcd: USB 2.0 'Enhanced' Host Controller (EHCI) Driver
[    0.656668] ehci-pci: EHCI PCI platform driver
[    0.657396] ehci-platform: EHCI generic platform driver
[    0.658442] ohci_hcd: USB 1.1 'Open' Host Controller (OHCI) Driver
[    0.659308] ohci-pci: OHCI PCI platform driver
[    0.659988] ohci-platform: OHCI generic platform driver
[    0.660776] uhci_hcd: USB Universal Host Controller Interface driver
[    0.661713] i8042: PNP: PS/2 Controller [PNP0303:PS2K,PNP0f03:PS2M] at 0x60,0x64 irq 1,12
[    0.663652] serio: i8042 KBD port at 0x60,0x64 irq 1
[    0.664493] serio: i8042 AUX port at 0x60,0x64 irq 12
[    0.665408] mousedev: PS/2 mouse device common for all mice
[    0.666791] input: AT Translated Set 2 keyboard as /devices/platform/i8042/serio0/input/input2
[    0.668067] rtc_cmos rtc_cmos: rtc core: registered rtc_cmos as rtc0
[    0.669130] rtc_cmos rtc_cmos: alarms up to one day, 114 bytes nvram
[    0.670015] i2c /dev entries driver
[    0.670596] device-mapper: uevent: version 1.0.3
[    0.671361] device-mapper: ioctl: 4.37.0-ioctl (2017-09-20) initialised: dm-devel@redhat.com
[    0.672655] ledtrig-cpu: registered to indicate activity on CPUs
[    0.673848] NET: Registered protocol family 10
[    0.677208] Segment Routing with IPv6
[    0.677843] NET: Registered protocol family 17
[    0.678629] Key type dns_resolver registered
[    0.679465] mce: Using 0 MCE banks
[    0.679986] RAS: Correctable Errors collector initialized.
[    0.680816] sched_clock: Marking stable (680796945, 0)->(804064142, -123267197)
[    0.682197] registered taskstats version 1
[    0.682803] Loading compiled-in X.509 certificates
[    0.685536] Loaded X.509 cert 'Build time autogenerated kernel key: de118354fe72448b469776565e76ac30c08e8db2'
[    0.687435] Loaded X.509 cert 'Canonical Ltd. Live Patch Signing: 14df34d1a87cf37625abec039ef2bf521249b969'
[    0.689284] Loaded X.509 cert 'Canonical Ltd. Kernel Module Signing: 88f752e560a1e0737e31163a466ad7b70a850c19'
[    0.690691] zswap: loaded using pool lzo/zbud
[    0.694604] Key type big_key registered
[    0.695206] Key type trusted registered
[    0.697253] Key type encrypted registered
[    0.697857] AppArmor: AppArmor sha1 policy hashing enabled
[    0.698680] ima: No TPM chip found, activating TPM-bypass! (rc=-19)
[    0.699778] ima: Allocated hash algorithm: sha1
[    0.700523] evm: HMAC attrs: 0x1
[    0.701209]   Magic number: 9:870:71
[    0.701821] rtc_cmos rtc_cmos: setting system clock to 2021-06-04 10:05:11 UTC (1622801111)
[    0.703103] BIOS EDD facility v0.16 2004-Jun-25, 0 devices found
[    0.704003] EDD information not available.
[    1.136768] Freeing unused kernel image memory: 2444K
[    1.173929] Write protecting the kernel read-only data: 20480k
[    1.175694] Freeing unused kernel image memory: 2008K
[    1.177090] Freeing unused kernel image memory: 1828K
[    1.184839] x86/mm: Checked W+X mappings: passed, no W+X pages found.
Loading, please wait...
starting version 237
[    1.241848] e1000: Intel(R) PRO/1000 Network Driver - version 7.3.21-k8-NAPI
[    1.242881] e1000: Copyright (c) 1999-2006 Intel Corporation.
[    1.244361] Fusion MPT base driver 3.04.20
[    1.245353] Copyright (c) 1999-2008 LSI Corporation
[    1.252708] Fusion MPT SPI Host driver 3.04.20
[    1.260440] AVX2 version of gcm_enc/dec engaged.
[    1.261283] AES CTR mode by8 optimization enabled
[    1.463537] input: ImExPS/2 Generic Explorer Mouse as /devices/platform/i8042/serio1/input/input4
[    1.640376] e1000 0000:00:03.0 eth0: (PCI:33MHz:32-bit) 02:c3:ac:bf:e0:17
[    1.641402] e1000 0000:00:03.0 eth0: Intel(R) PRO/1000 Network Connection
[    1.643695] e1000 0000:00:03.0 enp0s3: renamed from eth0
[    1.644089] mptbase: ioc0: Initiating bringup
[    2.284422] ioc0: LSI53C1030 A0: Capabilities={Initiator}
[    4.595053] scsi host2: ioc0: LSI53C1030 A0, FwRev=00000000h, Ports=1, MaxQ=256, IRQ=20
[    6.176333] scsi 2:0:0:0: Direct-Access     VBOX     HARDDISK         1.0  PQ: 0 ANSI: 5
[    6.208459] scsi target2:0:0: Beginning Domain Validation
[    6.211863] scsi target2:0:0: Domain Validation skipping write tests
[    6.212799] scsi target2:0:0: Ending Domain Validation
[    6.213586] scsi target2:0:0: asynchronous
[    6.214579] scsi 2:0:1:0: Direct-Access     VBOX     HARDDISK         1.0  PQ: 0 ANSI: 5
[    6.244321] scsi target2:0:1: Beginning Domain Validation
[    6.246842] random: fast init done
[    6.247491] scsi target2:0:1: Domain Validation skipping write tests
[    6.248428] scsi target2:0:1: Ending Domain Validation
[    6.249249] scsi target2:0:1: asynchronous
[    6.253207] random: systemd-udevd: uninitialized urandom read (16 bytes read)
[    6.253328] sd 2:0:0:0: Attached scsi generic sg0 type 0
[    6.255235] random: systemd-udevd: uninitialized urandom read (16 bytes read)
[    6.256265] sd 2:0:1:0: Attached scsi generic sg1 type 0
[    6.257251] random: systemd-udevd: uninitialized urandom read (16 bytes read)
[    6.259199] sd 2:0:0:0: [sda] 83886080 512-byte logical blocks: (42.9 GB/40.0 GiB)
[    6.260416] sd 2:0:1:0: [sdb] 20480 512-byte logical blocks: (10.5 MB/10.0 MiB)
[    6.261524] sd 2:0:0:0: [sda] Write Protect is off
[    6.262265] sd 2:0:1:0: [sdb] Write Protect is off
[    6.263127] sd 2:0:0:0: [sda] Incomplete mode parameter data
[    6.264079] sd 2:0:0:0: [sda] Assuming drive cache: write through
[    6.265075] sd 2:0:1:0: [sdb] Incomplete mode parameter data
[    6.265910] sd 2:0:1:0: [sdb] Assuming drive cache: write through
[    6.281813]  sda: sda1
[    6.282817] sd 2:0:0:0: [sda] Attached SCSI disk
[    6.297072] sd 2:0:1:0: [sdb] Attached SCSI disk
Begin: Loading essential drivers ... [    7.992089] raid6: sse2x1   gen() 13097 MB/s
[    8.040318] raid6: sse2x1   xor()  6064 MB/s
[    8.088120] raid6: sse2x2   gen() 14381 MB/s
[    8.136086] raid6: sse2x2   xor() 10376 MB/s
[    8.184088] raid6: sse2x4   gen() 13955 MB/s
[    8.232083] raid6: sse2x4   xor() 10220 MB/s
[    8.280084] raid6: avx2x1   gen() 25904 MB/s
[    8.328137] raid6: avx2x1   xor() 15488 MB/s
[    8.376071] raid6: avx2x2   gen() 28838 MB/s
[    8.424076] raid6: avx2x2   xor() 19229 MB/s
[    8.472071] raid6: avx2x4   gen() 33326 MB/s
[    8.520083] raid6: avx2x4   xor() 20270 MB/s
[    8.521047] raid6: using algorithm avx2x4 gen() 33326 MB/s
[    8.522171] raid6: .... xor() 20270 MB/s, rmw enabled
[    8.522891] raid6: using avx2x2 recovery algorithm
[    8.524416] xor: automatically using best checksumming function   avx       
[    8.526199] async_tx: api initialized (async)
done.
Begin: Running /scripts/init-premount ... done.
Begin: Mounting root file system ... Begin: Running /scripts/local-top ... done.
Begin: Running /scripts/local-premount ... [    8.562528] Btrfs loaded, crc32c=crc32c-intel
Scanning for Btrfs filesystems
done.
Warning: fsck not present, so skipping root file system
[    8.672418] EXT4-fs (sda1): mounted filesystem with ordered data mode. Opts: (null)
done.
Begin: Running /scripts/local-bottom ... done.
Begin: Running /scripts/init-bottom ... done.
[    9.837470] ip_tables: (C) 2000-2006 Netfilter Core Team
[    9.971202] systemd[1]: systemd 237 running in system mode. (+PAM +AUDIT +SELINUX +IMA +APPARMOR +SMACK +SYSVINIT +UTMP +LIBCRYPTSETUP +GCRYPT +GNUTLS +ACL +XZ +LZ4 +SECCOMP +BLKID +ELFUTILS +KMOD -IDN2 +IDN -PCRE2 default-hierarchy=hybrid)
[    9.982471] systemd[1]: Detected virtualization oracle.
[    9.983351] systemd[1]: Detected architecture x86-64.

Welcome to [1mUbuntu 18.04.5 LTS[0m!

[   10.024507] systemd[1]: Set hostname to <ubuntu>.
[   10.060898] systemd[1]: Initializing machine ID from random generator.
[   10.066539] systemd[1]: Installed transient /etc/machine-id file.
[   10.129650] random: crng init done
[   10.131004] random: 7 urandom warning(s) missed due to ratelimiting
[   11.723515] systemd[1]: Created slice System Slice.
[[0;32m  OK  [0m] Created slice System Slice.
[   11.724882] systemd[1]: Listening on udev Kernel Socket.
[[0;32m  OK  [0m] Listening on udev Kernel Socket.
[   11.726411] systemd[1]: Created slice system-serial\x2dgetty.slice.
[[0;32m  OK  [0m] Created slice system-serial\x2dgetty.slice.
[   11.727970] systemd[1]: Listening on Journal Audit Socket.
[[0;32m  OK  [0m] Listening on Journal Audit Socket.
[[0;32m  OK  [0m] Listening on Network Service Netlink Socket.
[[0;32m  OK  [0m] Listening on Syslog Socket.
[[0;32m  OK  [0m] Listening on fsck to fsckd communication Socket.
[[0;32m  OK  [0m] Listening on Device-mapper event daemon FIFOs.
[[0;32m  OK  [0m] Listening on udev Control Socket.
[[0;32m  OK  [0m] Reached target User and Group Name Lookups.
[[0;32m  OK  [0m] Listening on LVM2 metadata daemon socket.
[[0;32m  OK  [0m] Set up automount Arbitrary Executab…rmats File System Automount Point.
[[0;32m  OK  [0m] Listening on Journal Socket (/dev/log).
[[0;32m  OK  [0m] Listening on Journal Socket.
         Starting Uncomplicated firewall...
         Starting Monitoring of LVM2 mirrors…ng dmeventd or progress polling...
         Starting Load Kernel Modules...
         Starting Journal Service...
[[0;32m  OK  [0m] Reached target System Time Synchronized.
[[0;32m  OK  [0m] Listening on LVM2 poll daemon socket.
[[0;32m  OK  [0m] Started Forward Password Requests to Wall Directory Watch.
         Mounting Huge Pages File System...
         Mounting Kernel Debug File System...
[[0;32m  OK  [0m] Created slice User and Session Slice.
[[0;32m  OK  [0m] Reached target Slices.
         Starting udev Coldplug all Devices...
[[0;32m  OK  [0m] Listening on /dev/initctl Compatibility Named Pipe.
         Starting File System Check on Root Device...
         Starting Create list of required st…ce nodes for the current kernel...
         Starting Set the console keyboard layout...
         Mounting POSIX Message Queue File System...
[[0;32m  OK  [0m] Reached target Swap.
[[0;32m  OK  [0m] Started Uncomplicated firewall.
[   11.996400] Loading iSCSI transport class v2.0-870.
[[0;32m  OK  [0m] Started Journal Service.
[[0;32m  OK  [0m] Mounted Huge Pages File System.
[[0;32m  OK  [0m] Mounted Kernel Debug File System.
[[0;32m  OK  [0m] Mounted POSIX Message Queue File System.
[[0;32m  OK  [0m] Started udev Coldplug all Devices.
[[0;32m  OK  [0m] Started File System Check Daemon to report status.
[[0;32m  OK  [0m] Started Create list of required sta…vice nodes for the current kernel.
         Starting Create Static Device Nodes in /dev...
[   12.366534] iscsi: registered transport (tcp)
[[0;32m  OK  [0m] Started File System Check on Root Device.
         Starting Remount Root and Kernel File Systems...
[[0;32m  OK  [0m] Started LVM2 metadata daemon.
[[0;32m  OK  [0m] Started Set the console keyboard layout.
[   12.810699] iscsi: registered transport (iser)
[[0;32m  OK  [0m] Started Load Kernel Modules.
         Starting Apply Kernel Variables...
         Mounting FUSE Control File System...
         Mounting Kernel Configuration File System...
[[0;32m  OK  [0m] Mounted FUSE Control File System.
[[0;32m  OK  [0m] Mounted Kernel Configuration File System.
[[0;32m  OK  [0m] Started Create Static Device Nodes in /dev.
[[0;32m  OK  [0m] Started Remount Root and Kernel File Systems.
         Starting udev Kernel Device Manager...
         Starting Flush Journal to Persistent Storage...
         Starting Load/Save Random Seed...
[[0;32m  OK  [0m] Started Apply Kernel Variables.
[[0;32m  OK  [0m] Started Monitoring of LVM2 mirrors,…sing dmeventd or progress polling.
[[0;32m  OK  [0m] Reached target Local File Systems (Pre).
[[0;32m  OK  [0m] Reached target Local File Systems.
         Starting Tell Plymouth To Write Out Runtime Data...
         Starting Set console font and keymap...
         Starting ebtables ruleset management...
         Starting AppArmor initialization...
         Starting Commit a transient machine-id on disk...
[[0;32m  OK  [0m] Started Load/Save Random Seed.
[[0;32m  OK  [0m] Started udev Kernel Device Manager.
[[0;32m  OK  [0m] Started Dispatch Password Requests to Console Directory Watch.
[[0;32m  OK  [0m] Reached target Local Encrypted Volumes.
[[0;32m  OK  [0m] Started Tell Plymouth To Write Out Runtime Data.
[[0;32m  OK  [0m] Started Set console font and keymap.
[[0;32m  OK  [0m] Found device /dev/ttyS0.
[[0;32m  OK  [0m] Started Flush Journal to Persistent Storage.
         Starting Create Volatile Files and Directories...
[[0;32m  OK  [0m] Started Commit a transient machine-id on disk.
[[0;32m  OK  [0m] Started Create Volatile Files and Directories.
         Starting Update UTMP about System Boot/Shutdown...
[[0;32m  OK  [0m] Started Update UTMP about System Boot/Shutdown.
[[0;32m  OK  [0m] Started ebtables ruleset management.
[[0;32m  OK  [0m] Listening on Load/Save RF Kill Switch Status /dev/rfkill Watch.
[[0;32m  OK  [0m] Started AppArmor initialization.
         Starting Load AppArmor profiles managed internally by snapd...
         Starting Initial cloud-init job (pre-networking)...
[[0;32m  OK  [0m] Started Load AppArmor profiles managed internally by snapd.
[   21.507011] cloud-init[541]: Cloud-init v. 21.1-19-gbad84ad4-0ubuntu1~18.04.2 running 'init-local' at Fri, 04 Jun 2021 10:05:31 +0000. Up 20.80 seconds.
[[0;32m  OK  [0m] Started Initial cloud-init job (pre-networking).
[[0;32m  OK  [0m] Reached target Network (Pre).
         Starting Network Service...
[[0;32m  OK  [0m] Started Network Service.
         Starting Network Name Resolution...
         Starting Wait for Network to be Configured...
[[0;32m  OK  [0m] Started Network Name Resolution.
[[0;32m  OK  [0m] Reached target Host and Network Name Lookups.
[[0;32m  OK  [0m] Reached target Network.
[[0;32m  OK  [0m] Started Wait for Network to be Configured.
         Starting Initial cloud-init job (metadata service crawler)...
[   23.960334] cloud-init[663]: Cloud-init v. 21.1-19-gbad84ad4-0ubuntu1~18.04.2 running 'init' at Fri, 04 Jun 2021 10:05:34 +0000. Up 23.74 seconds.
[   23.961656] cloud-init[663]: ci-info: ++++++++++++++++++++++++++++++++++++++Net device info++++++++++++++++++++++++++++++++++++++
[   23.962782] cloud-init[663]: ci-info: +--------+------+----------------------------+---------------+--------+-------------------+
[   23.963900] cloud-init[663]: ci-info: | Device |  Up  |          Address           |      Mask     | Scope  |     Hw-Address    |
[   23.965005] cloud-init[663]: ci-info: +--------+------+----------------------------+---------------+--------+-------------------+
[   23.966165] cloud-init[663]: ci-info: | enp0s3 | True |         10.0.2.15          | 255.255.255.0 | global | 02:c3:ac:bf:e0:17 |
[   23.967408] cloud-init[663]: ci-info: | enp0s3 | True | fe80::c3:acff:febf:e017/64 |       .       |  link  | 02:c3:ac:bf:e0:17 |
[   23.968533] cloud-init[663]: ci-info: |   lo   | True |         127.0.0.1          |   255.0.0.0   |  host  |         .         |
[   23.969621] cloud-init[663]: ci-info: |   lo   | True |          ::1/128           |       .       |  host  |         .         |
[   23.970816] cloud-init[663]: ci-info: +--------+------+----------------------------+---------------+--------+-------------------+
[   23.972081] cloud-init[663]: ci-info: ++++++++++++++++++++++++++++Route IPv4 info+++++++++++++++++++++++++++++
[   23.973137] cloud-init[663]: ci-info: +-------+-------------+----------+-----------------+-----------+-------+
[   23.974184] cloud-init[663]: ci-info: | Route | Destination | Gateway  |     Genmask     | Interface | Flags |
[   23.975295] cloud-init[663]: ci-info: +-------+-------------+----------+-----------------+-----------+-------+
[   23.976417] cloud-init[663]: ci-info: |   0   |   0.0.0.0   | 10.0.2.2 |     0.0.0.0     |   enp0s3  |   UG  |
[   23.977502] cloud-init[663]: ci-info: |   1   |   10.0.2.0  | 0.0.0.0  |  255.255.255.0  |   enp0s3  |   U   |
[   23.978557] cloud-init[663]: ci-info: |   2   |   10.0.2.2  | 0.0.0.0  | 255.255.255.255 |   enp0s3  |   UH  |
[   23.979605] cloud-init[663]: ci-info: +-------+-------------+----------+-----------------+-----------+-------+
[   23.980661] cloud-init[663]: ci-info: +++++++++++++++++++Route IPv6 info+++++++++++++++++++
[   23.981717] cloud-init[663]: ci-info: +-------+-------------+---------+-----------+-------+
[   23.982591] cloud-init[663]: ci-info: | Route | Destination | Gateway | Interface | Flags |
[   23.983470] cloud-init[663]: ci-info: +-------+-------------+---------+-----------+-------+
[   23.984421] cloud-init[663]: ci-info: |   1   |  fe80::/64  |    ::   |   enp0s3  |   U   |
[   23.985362] cloud-init[663]: ci-info: |   3   |    local    |    ::   |   enp0s3  |   U   |
[   23.986252] cloud-init[663]: ci-info: |   4   |   ff00::/8  |    ::   |   enp0s3  |   U   |
[   23.987164] cloud-init[663]: ci-info: +-------+-------------+---------+-----------+-------+
[   26.493087] cloud-init[663]: Generating public/private rsa key pair.
[   26.493838] cloud-init[663]: Your identification has been saved in /etc/ssh/ssh_host_rsa_key.
[   26.495604] cloud-init[663]: Your public key has been saved in /etc/ssh/ssh_host_rsa_key.pub.
[   26.496576] cloud-init[663]: The key fingerprint is:
[   26.497111] cloud-init[663]: SHA256:miOSX2ooWRYZUxAHz/b13jBSunhev0ep2O7bukauEnw root@ubuntu-bionic
[   26.508276] cloud-init[663]: The key's randomart image is:
[   26.509038] cloud-init[663]: +---[RSA 2048]----+
[   26.509716] cloud-init[663]: |  +=o            |
[   26.510404] cloud-init[663]: |  o+             |
[   26.511096] cloud-init[663]: |   ++   . .      |
[   26.511773] cloud-init[663]: |  o. . . +       |
[   26.512451] cloud-init[663]: |   .  ..S +    . |
[   26.513141] cloud-init[663]: |  o.   +o+E+. o  |
[   26.513806] cloud-init[663]: | +o.. * ooo=.o   |
[   26.514479] cloud-init[663]: |o .o.+ +....=..  |
[   26.515181] cloud-init[663]: | . .o   ...=O*.  |
[   26.516044] cloud-init[663]: +----[SHA256]-----+
[   26.516748] cloud-init[663]: Generating public/private dsa key pair.
[   26.517635] cloud-init[663]: Your identification has been saved in /etc/ssh/ssh_host_dsa_key.
[   26.518770] cloud-init[663]: Your public key has been saved in /etc/ssh/ssh_host_dsa_key.pub.
[   26.519898] cloud-init[663]: The key fingerprint is:
[   26.520584] cloud-init[663]: SHA256:V0t4N4Sc3mhHk5NfUSvb9bR8Ws4X85YzdvUgweIOEP0 root@ubuntu-bionic
[   26.521804] cloud-init[663]: The key's randomart image is:
[   26.522576] cloud-init[663]: +---[DSA 1024]----+
[   26.523247] cloud-init[663]: |      ..   . o.++|
[   26.523918] cloud-init[663]: |       ..  o+.* o|
[   26.524586] cloud-init[663]: |      .  .o.*=o=+|
[   26.525258] cloud-init[663]: |       . .E=++Bo=|
[   26.525912] cloud-init[663]: |        S o.oo.*=|
[   26.526564] cloud-init[663]: |         +   . *O|
[   26.527209] cloud-init[663]: |          .   .=O|
[   26.527868] cloud-init[663]: |              ..=|
[   26.528557] cloud-init[663]: |                 |
[   26.529200] cloud-init[663]: +----[SHA256]-----+
[   26.529856] cloud-init[663]: Generating public/private ecdsa key pair.
[   26.530755] cloud-init[663]: Your identification has been saved in /etc/ssh/ssh_host_ecdsa_key.
[   26.531889] cloud-init[663]: Your public key has been saved in /etc/ssh/ssh_host_ecdsa_key.pub.
[   26.533019] cloud-init[663]: The key fingerprint is:
[   26.533754] cloud-init[663]: SHA256:CwMc/m+66ec07ZvVXhOzMLv220qAiEWW9zqi3JQsnS8 root@ubuntu-bionic
[   26.534824] cloud-init[663]: The key's randomart image is:
[   26.535397] cloud-init[663]: +---[ECDSA 256]---+
[   26.535929] cloud-init[663]: |    .   o.       |
[   26.536487] cloud-init[663]: |   o . o. .      |
[   26.548274] cloud-init[663]: |    +   .. .     |
[   26.548922] cloud-init[663]: |     o o . ..    |
[   26.549600] cloud-init[663]: |      =oSo...o o |
[   26.550279] cloud-init[663]: |      .+Boo  o+ +|
[   26.550971] cloud-init[663]: |     . =*o....oo.|
[   26.551646] cloud-init[663]: |      o=Eo.o +..o|
[   26.552325] cloud-init[663]: |     .=+..+...++o|
[   26.552823] cloud-init[663]: +----[SHA256]-----+
[   26.553325] cloud-init[663]: Generating public/private ed25519 key pair.
[   26.554021] cloud-init[663]: Your identification has been saved in /etc/ssh/ssh_host_ed25519_key.
[   26.555099] cloud-init[663]: Your public key has been saved in /etc/ssh/ssh_host_ed25519_key.pub.
[   26.556291] cloud-init[663]: The key fingerprint is:
[   26.556838] cloud-init[663]: SHA256:1CL0d6QBURtvIfyqnK4NjpJHKgWbbS4F9mGLPdYMtTk root@ubuntu-bionic
[   26.557742] cloud-init[663]: The key's randomart image is:
[   26.558346] cloud-init[663]: +--[ED25519 256]--+
[   26.558835] cloud-init[663]: |      . o== o    |
[   26.559353] cloud-init[663]: |     o . ..O .   |
[   26.559864] cloud-init[663]: |    . + + =.+    |
[   26.560383] cloud-init[663]: |o. + E o o o.    |
[   26.560891] cloud-init[663]: |.*= * . S  .     |
[   26.561378] cloud-init[663]: |o.=*.o    .      |
[   26.561900] cloud-init[663]: | =.+. .. o       |
[   26.562399] cloud-init[663]: |o = .o o+        |
[   26.562924] cloud-init[663]: | o o. ooo        |
[   26.564095] cloud-init[663]: +----[SHA256]-----+
[[0;32m  OK  [0m] Started Initial cloud-init job (metadata service crawler).
[[0;32m  OK  [0m] Reached target Network is Online.
[[0;32m  OK  [0m] Reached target Remote File Systems (Pre).
[[0;32m  OK  [0m] Reached target Remote File Systems.
         Starting Availability of block devices...
[[0;32m  OK  [0m] Reached target System Initialization.
[[0;32m  OK  [0m] Listening on ACPID Listen Socket.
[[0;32m  OK  [0m] Listening on D-Bus System Message Bus Socket.
[[0;32m  OK  [0m] Started Discard unused blocks once a week.
[[0;32m  OK  [0m] Started Ubuntu Advantage update messaging.
[[0;32m  OK  [0m] Started Daily apt download activities.
         Starting LXD - unix socket.
[[0;32m  OK  [0m] Listening on UUID daemon activation socket.
[[0;32m  OK  [0m] Started ACPI Events Check.
[[0;32m  OK  [0m] Reached target Paths.
[[0;32m  OK  [0m] Started Daily Cleanup of Temporary Directories.
[[0;32m  OK  [0m] Started Daily apt upgrade and clean activities.
[[0;32m  OK  [0m] Listening on Open-iSCSI iscsid Socket.
         Starting Socket activation for snappy daemon.
[[0;32m  OK  [0m] Started Message of the Day.
[[0;32m  OK  [0m] Reached target Timers.
[[0;32m  OK  [0m] Reached target Cloud-config availability.
[[0;32m  OK  [0m] Listening on LXD - unix socket.
[[0;32m  OK  [0m] Listening on Socket activation for snappy daemon.
[[0;32m  OK  [0m] Reached target Sockets.
[[0;32m  OK  [0m] Reached target Basic System.
[[0;32m  OK  [0m] Started Regular background program processing daemon.
[[0;32m  OK  [0m] Started irqbalance daemon.
         Starting System Logging Service...
         Starting Virtualbox guest utils...
[[0;32m  OK  [0m] Started D-Bus System Message Bus.
         Starting Pollinate to seed the pseudo random number generator...
[[0;32m  OK  [0m] Started FUSE filesystem for LXC.
         Starting LSB: automatic crash report generation...
         Starting Permit User Sessions...
         Starting Snap Daemon...
         Starting Login Service...
         Starting Dispatcher daemon for systemd-networkd...
         Starting LXD - container startup/shutdown...
         Starting Accounts Service...
[[0;32m  OK  [0m] Started Deferred execution scheduler.
         Starting LSB: Record successful boot for GRUB...
[[0;32m  OK  [0m] Started System Logging Service.
[[0;32m  OK  [0m] Started Availability of block devices.
[[0;32m  OK  [0m] Started Permit User Sessions.
         Starting Hold until boot process finishes up...
         Starting Terminate Plymouth Boot Screen...
[[0;32m  OK  [0m] Started Hold until boot process finishes up.
         Starting Set console scheme...
[[0;32m  OK  [0m] Started Serial Getty on ttyS0.
[[0;32m  OK  [0m] Started Terminate Plymouth Boot Screen.
[[0;32m  OK  [0m] Started Login Service.
[[0;32m  OK  [0m] Started Unattended Upgrades Shutdown.
[[0;32m  OK  [0m] Started Set console scheme.
[[0;32m  OK  [0m] Created slice system-getty.slice.
[[0;32m  OK  [0m] Started Getty on tty1.
[[0;32m  OK  [0m] Reached target Login Prompts.
[[0;32m  OK  [0m] Started LSB: automatic crash report generation.
[[0;32m  OK  [0m] Started LSB: Record successful boot for GRUB.
         Starting Authorization Manager...
[[0;32m  OK  [0m] Started Virtualbox guest utils.
[[0;32m  OK  [0m] Started Authorization Manager.
[[0;32m  OK  [0m] Started Accounts Service.
[[0;32m  OK  [0m] Started Dispatcher daemon for systemd-networkd.

Ubuntu 18.04.5 LTS ubuntu-bionic ttyS0

ubuntu-bionic login: [   40.288969] cloud-init[1327]: Cloud-init v. 21.1-19-gbad84ad4-0ubuntu1~18.04.2 running 'modules:config' at Fri, 04 Jun 2021 10:05:47 +0000. Up 36.62 seconds.
ci-info: no authorized SSH keys fingerprints found for user ubuntu.
<14>Jun  4 10:05:51 ec2: 
<14>Jun  4 10:05:51 ec2: #############################################################
<14>Jun  4 10:05:51 ec2: -----BEGIN SSH HOST KEY FINGERPRINTS-----
<14>Jun  4 10:05:51 ec2: 1024 SHA256:V0t4N4Sc3mhHk5NfUSvb9bR8Ws4X85YzdvUgweIOEP0 root@ubuntu-bionic (DSA)
<14>Jun  4 10:05:51 ec2: 256 SHA256:CwMc/m+66ec07ZvVXhOzMLv220qAiEWW9zqi3JQsnS8 root@ubuntu-bionic (ECDSA)
<14>Jun  4 10:05:51 ec2: 256 SHA256:1CL0d6QBURtvIfyqnK4NjpJHKgWbbS4F9mGLPdYMtTk root@ubuntu-bionic (ED25519)
<14>Jun  4 10:05:51 ec2: 2048 SHA256:miOSX2ooWRYZUxAHz/b13jBSunhev0ep2O7bukauEnw root@ubuntu-bionic (RSA)
<14>Jun  4 10:05:51 ec2: -----END SSH HOST KEY FINGERPRINTS-----
<14>Jun  4 10:05:51 ec2: #############################################################
-----BEGIN SSH HOST KEY KEYS-----
ecdsa-sha2-nistp256 AAAAE2VjZHNhLXNoYTItbmlzdHAyNTYAAAAIbmlzdHAyNTYAAABBBMF96jk9GV0ZMdqyxHMPwjOPdEkPvpMjPN18FKo5dpXLOn7YTRcvtP4LCgz9NoeDySKORRSDW/FRwqtp5QNwfL8= root@ubuntu-bionic
ssh-ed25519 AAAAC3NzaC1lZDI1NTE5AAAAIFEF4R5BEI5w7JhLuYgT0DzqHbNOu8eJYlu4vtT9CZPT root@ubuntu-bionic
ssh-rsa AAAAB3NzaC1yc2EAAAADAQABAAABAQCqcxJw5rxAB7mOaHeDkkpmLNosrXqGLkQl4bwkWxE46C4aJbR9n/ydgRKuoCpCiaBPx6vLZKXh+4nkNbax8++tCl7uWQOZeyJoVhokuoEI9MV4tX+wlsx3qUJrC67b6hXDA65mABQDxbpFdxPLbpDsJO1FIhSuWDY1LATic/kC8yRNescZU86cWtBodK9HHGhIn463JGkOvczlumP5VyA+SQdjDp5jAFcuVEF0aYHL5+VR0AKTIiP/M+d0MiHdIWxcn1ketFohg/+oDziBo8x31joNLYy/9J6TtBmE1LVJgymIoVQ1sZwvbtopmVW8R9uD5bfNt4YpJRRkBRtIUWgd root@ubuntu-bionic
-----END SSH HOST KEY KEYS-----
[   40.945102] cloud-init[1542]: Cloud-init v. 21.1-19-gbad84ad4-0ubuntu1~18.04.2 running 'modules:final' at Fri, 04 Jun 2021 10:05:51 +0000. Up 40.70 seconds.
[   40.947035] cloud-init[1542]: ci-info: no authorized SSH keys fingerprints found for user ubuntu.
[   40.948452] cloud-init[1542]: Cloud-init v. 21.1-19-gbad84ad4-0ubuntu1~18.04.2 finished at Fri, 04 Jun 2021 10:05:51 +0000. Datasource DataSourceNoCloud [seed=/dev/sdb][dsmode=net].  Up 40.93 seconds
